Watuga H                                     11803.086   14113.577   35603.110
Wilbur_HY_TN                                    14.639      35.884       0.000
SouthHolston_HY_TN                           12564.117   15255.341   11617.322
Boone_HY_TN                                  15766.842   15324.214   24514.584
FortPatrick_HY_TN                            10624.664   10473.564   16206.163
Cherokee_HY_TN                               37831.660   50809.698   36118.371
Douglas H                                    51689.290   49543.409  148916.452
FortLoudoun_HY_TN                            77011.708   81403.306  145964.186
Fontana_HY_NC                                67524.711  101453.956  238925.734
Norris_HY_TN                                 37393.113   58672.338   52873.065
MeltonHill_HY_TN                             10520.963   15456.821   15636.629
WattsBar_HY_TN                               77428.854   86319.509  165750.196
Chatuge_HY_NC                                 2431.104    3170.221    6991.923
Nottely_HY_GA                                 1644.010    4338.983    7373.290
Hiwassee_HY_NC                               28342.026   35832.471   53483.776
Apalachia_HY_TN                              27177.485   44469.826   79600.416
BlueRidge_HY_GA                               3203.660    4663.865    6734.131
Ocoee3_HY_TN                                 14922.845   16158.544   26191.114
Ocoee1_HY_TN                                  6730.464    7087.460   12588.417
Chickamauga_HY_TN                            76367.411   81324.588  148314.696
RaccoonMt_Storage_TN                        296680.184  307201.628  287971.876
Nickajack_HY_TN                              63612.412   64720.066  122327.826
Guntersville_HY_AL                           73054.685   69731.162  142938.547
TimsFord_HY_TN                               11934.737    5486.001    7397.256
Wheeler_HY_AL                               110655.176   92709.062  210387.125
Wilson_HY_AL                                188540.337  159036.282  359638.657
PickwickLanding_HY_TN                       128525.496  112849.660  219278.394
Kentucky_HY_KY                              157014.790  124255.592  173445.117
