Watauga Reservoir                  29.04    574.86      0.00      0.00     39.24      0.06    564.61     -0.00        mi        lc        uc
Watauga Reservoir                  14.73    564.61      0.00      0.00     47.11      0.05    532.18      0.00        mi        lc        uc
Watauga Reservoir                 146.03    532.18      0.00      0.00    119.66      0.03    558.52      0.00        ge        lc        uc
Wilbur Reservoir                   43.28      0.32      0.00      0.00     42.99      0.00      0.60     -0.00        mi        mn        uc
Wilbur Reservoir                   49.38      0.60      0.00      0.00     49.58      0.00      0.41     -0.00        mi        mn        uc
Wilbur Reservoir                  115.25      0.41      0.00      0.00    115.22      0.00      0.44      0.00        mi        mn        uc
SHolston Reservoir                 50.11    668.03      0.00      0.00     60.19      0.06    657.89      0.00        mi        lc        uc
SHolston Reservoir                 31.31    657.89      0.00      0.00     72.71      0.05    616.44     -0.00        mi        lc        uc
SHolston Reservoir                 51.62    616.44      0.00      0.00     55.03      0.03    612.99      0.00        mi        lc        uc
Boone Reservoir                   146.07    179.48      0.00      0.00    145.20      0.03    180.32     -0.00        mi        lc        uc
Boone Reservoir                   140.28    180.32      0.00      0.00    141.11      0.03    179.46     -0.00        mi        lc        uc
Boone Reservoir                   212.69    179.46      0.00      0.00    225.85      0.02    166.28      0.00        mi        lc        uc
FtPatrick Reservoir               151.34     25.18      0.00      0.00    150.49      0.01     26.02     -0.00        mi        lc        mx
FtPatrick Reservoir               147.93     26.02      0.00      0.00    149.33      0.01     24.61     -0.00        mi        lc        mx
FtPatrick Reservoir               234.46     24.61      0.00      0.00    234.89      0.00     24.18      0.00        mi        lc        mx
Cherokee Reservoir                223.04   1407.67      0.00      0.00    266.89      0.22   1363.60     -0.00        mi        lc        uc
Cherokee Reservoir                178.12   1363.60      0.00      0.00    356.03      0.18   1185.51      0.00        mi        lc        uc
Cherokee Reservoir                294.93   1185.51      0.00      0.00    252.35      0.12   1227.97      0.00        mi        lc        uc
Douglas Reservoir                 365.58   1227.46      0.00      0.00    431.69      0.24   1161.10     -0.00        mi        lc        uc
Douglas Reservoir                 275.43   1161.10      0.00      0.00    425.89      0.19   1010.45      0.00        mi        lc        uc
Douglas Reservoir                1387.85   1010.45      0.00      0.00   1361.66      0.13   1036.51      0.00        ge        lc        uc
FtLoudoun Reservoir              1104.49    363.12      0.00      0.00   1107.78      0.12    359.71     -0.00        mi        lc        uc
FtLoudoun Reservoir              1167.19    359.71      0.00      0.00   1172.04      0.11    354.75     -0.00        mi        lc        uc
FtLoudoun Reservoir              2176.29    354.75      0.00      0.00   2177.39      0.07    353.57      0.00        mi        lc        uc
Fontana Reservoir                 172.86   1354.31      0.00      0.00    147.36      0.08   1379.72      0.00        mi        lc        mx
Fontana Reservoir                 144.20   1379.72      0.00      0.00    222.32      0.07   1301.54      0.00        mi        lc        uc
Fontana Reservoir                 533.38   1301.54      0.00      0.00    529.54      0.05   1305.34      0.00        mi        lc        uc
Norris Reservoir                  116.56   2089.80      0.00      0.00    180.22      0.29   2025.84      0.00        mi        lc        uc
Norris Reservoir                   93.73   2025.84      0.00      0.00    287.52      0.24   1831.82      0.00        mi        lc        uc
Norris Reservoir                  204.09   1831.82      0.00      0.00    263.00      0.15   1772.76      0.00        mi        lc        uc
MeltonH Reservoir                 205.46    113.79      0.00      0.00    201.51      0.05    117.69      0.00        mi        lc        uc
MeltonH Reservoir                 291.39    117.69      0.00      0.00    295.34      0.04    113.70     -0.00        mi        lc        uc
MeltonH Reservoir                 301.73    113.70      0.00      0.00    300.61      0.03    114.79      0.00        mi        lc        uc
WattsBar Reservoir               1365.34    984.57      0.00      0.00   1332.87      0.36   1016.68      0.00        mi        lc        uc
WattsBar Reservoir               1461.79   1016.68      0.00      0.00   1485.94      0.31    992.22      0.00        mi        lc        uc
WattsBar Reservoir               2906.48    992.22      0.00      0.00   2920.89      0.21    977.61     -0.00        mi        lc        uc
Chatuge Reservoir                  17.38    222.83      0.00      0.00     21.08      0.05    219.07      0.00        mi        lc        uc
Chatuge Reservoir                  12.13    219.07      0.00      0.00     27.51      0.05    203.64      0.00        mi        lc        uc
Chatuge Reservoir                  66.54    203.64      0.00      0.00     61.00      0.03    209.15      0.00        mi        lc        uc
Nottely Reservoir                  14.42    150.21      0.00      0.00     10.44      0.03    154.15      0.00        mi        lc        uc
Nottely Reservoir                  12.87    154.15      0.00      0.00     28.22      0.03    138.78      0.00        mi        lc        uc
Nottely Reservoir                  45.68    138.78      0.00      0.00     49.17      0.02    135.28      0.00        mi        lc        uc
Hiwassee Reservoir                140.18    354.69      0.00      0.00    127.81      0.05    367.02      0.00        mi        lc        uc
Hiwassee Reservoir                142.51    367.02      0.00      0.00    162.01      0.04    347.48      0.00        mi        lc        uc
Hiwassee Reservoir                221.41    347.48      0.00      0.00    244.34      0.03    324.52      0.00        mi        lc        uc
Apalachia Reservoir                66.83     54.74      0.00      0.00     66.66      0.01     54.90      0.00        mi        lc        mx
Apalachia Reservoir               107.91     54.90      0.00      0.00    109.49      0.01     53.32     -0.00        mi        lc        mx
Apalachia Reservoir               198.70     53.32      0.00      0.00    196.61      0.01     55.40     -0.00        mi        lc        mx
BlueRidge Reservoir                24.75    179.51      0.00      0.00     24.04      0.03    180.19      0.00        mi        lc        uc
BlueRidge Reservoir                19.49    180.19      0.00      0.00     35.51      0.02    164.15      0.00        mi        lc        uc
BlueRidge Reservoir                51.01    164.15      0.00      0.00     52.35      0.02    162.80      0.00        mi        lc        uc
Ocoee3 Reservoir                   51.04      3.15      0.00      0.00     50.58      0.00      3.61      0.00        mi        mn        uc
Ocoee3 Reservoir                   54.36      3.61      0.00      0.00     54.82      0.00      3.14      0.00        mi        mn        uc
Ocoee3 Reservoir                   89.91      3.14      0.00      0.00     89.99      0.00      3.07     -0.00        mi        mn        uc
Ocoee1 Reservoir                   59.95     79.44      0.00      0.00     60.31      0.01     79.06      0.00        mi        lc        uc
Ocoee1 Reservoir                   63.24     79.06      0.00      0.00     63.66      0.01     78.63     -0.00        mi        lc        uc
Ocoee1 Reservoir                  113.57     78.63      0.00      0.00    114.69      0.01     77.50     -0.00        mi        lc        uc
Chikamauga Reservoir             1615.52    649.97      0.00      0.00   1660.83      0.31    604.35      0.00        mi        lc        uc
Chikamauga Reservoir             1806.47    604.35      0.00      0.00   1790.40      0.26    620.16     -0.00        mi        lc        uc
Chikamauga Reservoir             3581.33    620.16      0.00      0.00   3625.15      0.17    576.17     -0.00        mi        lc        uc
RacoonMt Reservoir                318.17     23.57      0.00      0.00    319.12      0.00     22.61      0.00        mi        lc        uc
RacoonMt Reservoir                329.83     22.61      0.00      0.00    332.06      0.00     20.38      0.00        mi        lc        uc
RacoonMt Reservoir                311.39     20.38      0.00      0.00    313.81      0.00     17.96      0.00        mi        lc        uc
Nikajack Reservoir               1702.97    246.27      0.00      0.00   1701.93      0.10    247.21      0.00        mi        mn        uc
Nikajack Reservoir               1717.59    247.21      0.00      0.00   1720.08      0.08    244.63      0.00        mi        mn        uc
Nikajack Reservoir               3560.22    244.63      0.00      0.00   3561.70      0.06    243.10      0.00        mi        mn        uc
Guntersville Reservoir           2115.44    977.23      0.00      0.00   2066.69      0.61   1025.37     -0.00        mi        lc        mx
Guntersville Reservoir           1935.67   1025.37      0.00      0.00   1961.74      0.53    998.77      0.00        mi        lc        mx
Guntersville Reservoir           4369.04    998.77      0.00      0.00   4398.76      0.35    968.70      0.00        mi        lc        mx
TimsFord Reservoir                 80.09    543.79      0.00      0.00     97.51      0.10    526.27      0.00        mi        lc        uc
TimsFord Reservoir                 27.65    526.27      0.00      0.00     44.73      0.08    509.10      0.00        mi        lc        uc
TimsFord Reservoir                 46.40    509.10      0.00      0.00     60.71      0.05    494.74      0.00        mi        lc        uc
Wheeler Reservoir                2403.92   1010.68      0.00      0.00   2349.02      0.49   1065.09     -0.00        mi        lc        mx
Wheeler Reservoir                1943.66   1065.09      0.00      0.00   1959.06      0.43   1049.26      0.00        mi        lc        mx
Wheeler Reservoir                4434.81   1049.26      0.00      0.00   4509.50      0.28    974.29      0.00        mi        lc        uc
Wilson Reservoir                 2409.76    630.79      0.00      0.00   2405.54      0.15    634.86      0.00        mi        mn        mx
Wilson Reservoir                 2006.33    634.86      0.00      0.00   2014.58      0.13    626.47      0.00        mi        mn        mx
Wilson Reservoir                 4702.13    626.47      0.00      0.00   4697.45      0.09    631.06     -0.00        mi        mn        mx
Pickwick Reservoir               2658.33    960.17      0.00      0.00   2653.47      0.35    964.68      0.00        mi        lc        uc
Pickwick Reservoir               2208.11    964.68      0.00      0.00   2276.99      0.30    895.49     -0.00        mi        lc        uc
Pickwick Reservoir               4854.26    895.49      0.00      0.00   4852.71      0.19    896.84      0.00        mi        lc        uc
Kentucky Reservoir               2556.78   3049.61      0.00      0.00   2925.80      1.34   2679.25      0.00        mi        lc        uc
Kentucky Reservoir               2249.75   2679.25      0.00      0.00   2440.61      1.06   2487.33     -0.00        mi        lc        uc
Kentucky Reservoir               3946.59   2487.33      0.00      0.00   3975.31      0.69   2457.93     -0.00        mi        lc        uc
