Watauga Reservoir                                  39.24         47.11        119.66
Wilbur Reservoir                                   42.99         49.58        115.22
SHolston Reservoir                                 60.19         72.71         55.03
Boone Reservoir                                   145.20        141.11        225.85
FtPatrick Reservoir                               150.49        149.33        234.89
Cherokee Reservoir                                266.89        356.03        252.35
Douglas Reservoir                                 431.69        425.89       1361.66
FtLoudoun Reservoir                              1107.78       1172.04       2177.39
Fontana Reservoir                                 147.36        222.32        529.54
Norris Reservoir                                  180.22        287.52        263.00
MeltonH Reservoir                                 201.51        295.34        300.61
WattsBar Reservoir                               1332.87       1485.94       2920.89
Chatuge Reservoir                                  21.08         27.51         61.00
Nottely Reservoir                                  10.44         28.22         49.17
Hiwassee Reservoir                                127.81        162.01        244.34
Apalachia Reservoir                                66.66        109.49        196.61
BlueRidge Reservoir                                24.04         35.51         52.35
Ocoee3 Reservoir                                   50.58         54.82         89.99
Ocoee1 Reservoir                                   60.31         63.66        114.69
Chikamauga Reservoir                             1660.83       1790.40       3625.15
RacoonMt Reservoir                                319.12        332.06        313.81
Nikajack Reservoir                               1701.93       1720.08       3561.70
Guntersville Reservoir                           2066.69       1961.74       4398.76
TimsFord Reservoir                                 97.51         44.73         60.71
Wheeler Reservoir                                2349.02       1959.06       4509.50
Wilson Reservoir                                 2405.54       2014.58       4697.45
Pickwick Reservoir                               2653.47       2276.99       4852.71
Kentucky Reservoir                               2925.80       2440.61       3975.31
