Watauga Reservoir                             29.0439700000000016       0.0000000000000000
Watauga Reservoir                             14.7292600000000000       0.0000000000000000
Watauga Reservoir                            146.0311000000000092       0.0000000000000000
Wilbur Reservoir                               4.0403310000000001      39.2409899999999965
Wilbur Reservoir                               2.2730579999999998      47.1074399999999969
Wilbur Reservoir                               2.2433060000000000     113.0062999999999960
SHolston Reservoir                            50.1143799999999970       0.0000000000000000
SHolston Reservoir                            31.3090900000000012       0.0000000000000000
SHolston Reservoir                            51.6178499999999971       0.0000000000000000
Boone Reservoir                               42.8866099999999975     103.1881000000000057
Boone Reservoir                               17.9861199999999997     122.2889200000000045
Boone Reservoir                               42.4462800000000016     170.2433399999999892
FtPatrick Reservoir                            6.1467770000000002     145.1980000000000075
FtPatrick Reservoir                            6.8191740000000003     141.1100999999999885
FtPatrick Reservoir                            8.6161980000000007     225.8460000000000036
Cherokee Reservoir                            72.5494199999999978     150.4878999999999962
Cherokee Reservoir                            28.7881000000000000     149.3316000000000088
Cherokee Reservoir                            60.0376899999999978     234.8944999999999936
Douglas Reservoir                            365.5754999999999768       0.0000000000000000
Douglas Reservoir                            275.4307000000000016       0.0000000000000000
Douglas Reservoir                           1387.8530000000000655       0.0000000000000000
FtLoudoun Reservoir                          405.9055000000000177     698.5864000000000260
FtLoudoun Reservoir                          385.2694000000000187     781.9180000000000064
FtLoudoun Reservoir                          760.6472999999999729    1415.6431000000000040
Fontana Reservoir                            172.8594999999999970       0.0000000000000000
Fontana Reservoir                            144.2023000000000081       0.0000000000000000
Fontana Reservoir                            533.3812000000000353       0.0000000000000000
Norris Reservoir                             116.5587000000000018       0.0000000000000000
Norris Reservoir                              93.7328899999999976       0.0000000000000000
Norris Reservoir                             204.0893000000000086       0.0000000000000000
MeltonH Reservoir                             25.2376900000000006     180.2221000000000117
MeltonH Reservoir                              3.8737189999999999     287.5179999999999723
MeltonH Reservoir                             38.7233099999999979     263.0022999999999911
WattsBar Reservoir                           -91.3150399999999962    1456.6567000000000007
WattsBar Reservoir                          -227.9028000000000134    1689.6952999999998610
WattsBar Reservoir                          -101.0657999999999959    3007.5451000000002750
Chatuge Reservoir                             17.3771899999999988       0.0000000000000000
Chatuge Reservoir                             12.1328899999999997       0.0000000000000000
Chatuge Reservoir                             66.5414899999999960       0.0000000000000000
Nottely Reservoir                             14.4198299999999993       0.0000000000000000
Nottely Reservoir                             12.8707399999999996       0.0000000000000000
Nottely Reservoir                             45.6833099999999988       0.0000000000000000
Hiwassee Reservoir                           108.6544999999999987      31.5232999999999990
Hiwassee Reservoir                            86.7728900000000039      55.7355400000000003
Hiwassee Reservoir                           111.2369999999999948     110.1699099999999873
Apalachia Reservoir                          -60.9758700000000005     127.8068999999999988
Apalachia Reservoir                          -54.0932200000000023     162.0079000000000065
Apalachia Reservoir                          -45.6396700000000024     244.3418000000000063
BlueRidge Reservoir                           24.7457899999999995       0.0000000000000000
BlueRidge Reservoir                           19.4935499999999990       0.0000000000000000
BlueRidge Reservoir                           51.0148799999999980       0.0000000000000000
Ocoee3 Reservoir                              26.9950399999999995      24.0436399999999999
Ocoee3 Reservoir                              18.8509099999999989      35.5080999999999989
Ocoee3 Reservoir                              37.5669400000000024      52.3477699999999970
Ocoee1 Reservoir                               9.3659499999999998      50.5824799999999968
Ocoee1 Reservoir                               8.4218180000000000      54.8191699999999997
Ocoee1 Reservoir                              23.5775199999999998      89.9920699999999982
Chikamauga Reservoir                         155.6786999999999921    1459.8369199999999637
Chikamauga Reservoir                         147.3817999999999984    1659.0900899999999183
Chikamauga Reservoir                         349.1424999999999841    3232.1868000000004031
RacoonMt Reservoir                           318.1666000000000167       0.0000000000000000
RacoonMt Reservoir                           329.8313999999999737       0.0000000000000000
RacoonMt Reservoir                           311.3910999999999945       0.0000000000000000
Nikajack Reservoir                          -276.9818000000000211    1979.9525999999998476
Nikajack Reservoir                          -404.8681000000000267    2122.4607999999998356
Nikajack Reservoir                          -378.7398000000000025    3938.9628999999999905
Guntersville Reservoir                       413.5040999999999940    1701.9349999999999454
Guntersville Reservoir                       215.5874000000000024    1720.0820000000001073
Guntersville Reservoir                       807.3420999999999594    3561.6950000000001637
TimsFord Reservoir                            80.0885999999999996       0.0000000000000000
TimsFord Reservoir                            27.6456200000000010       0.0000000000000000
TimsFord Reservoir                            46.3993400000000022       0.0000000000000000
Wheeler Reservoir                            239.7301999999999964    2164.1934400000000096
Wheeler Reservoir                            -62.8165300000000002    2006.4732599999999820
Wheeler Reservoir                            -24.6585099999999997    4459.4700499999999010
Wilson Reservoir                              60.7457899999999995    2349.0169999999998254
Wilson Reservoir                              47.2700800000000001    1959.0570000000000164
Wilson Reservoir                             192.6247999999999934    4509.5029999999997017
Pickwick Reservoir                           252.7954000000000008    2405.5380000000000109
Pickwick Reservoir                           193.5272999999999968    2014.5779999999999745
Pickwick Reservoir                           156.8093000000000075    4697.4489999999996144
Kentucky Reservoir                           -96.6922299999999950    2653.4679999999998472
Kentucky Reservoir                           -27.2390100000000004    2276.9929999999999382
Kentucky Reservoir                          -906.1250000000000000    4852.7129999999997381
