Watauga Reservoir                                   0.00          0.00          0.00
Wilbur Reservoir                                    0.00          0.00          0.00
SHolston Reservoir                                  0.00          0.00          0.00
Boone Reservoir                                     0.00          0.00          0.00
FtPatrick Reservoir                                 0.00          0.00          0.00
Cherokee Reservoir                                  0.00          0.00          0.00
Douglas Reservoir                                   0.00          0.00          0.00
FtLoudoun Reservoir                                 0.00          0.00          0.00
Fontana Reservoir                                   0.00          0.00          0.00
Norris Reservoir                                    0.00          0.00          0.00
MeltonH Reservoir                                   0.00          0.00          0.00
WattsBar Reservoir                                  0.00          0.00          0.00
Chatuge Reservoir                                   0.00          0.00          0.00
Nottely Reservoir                                   0.00          0.00          0.00
Hiwassee Reservoir                                  0.00          0.00          0.00
Apalachia Reservoir                                 0.00          0.00          0.00
BlueRidge Reservoir                                 0.00          0.00          0.00
Ocoee3 Reservoir                                    0.00          0.00          0.00
Ocoee1 Reservoir                                    0.00          0.00          0.00
Chikamauga Reservoir                                0.00          0.00          0.00
RacoonMt Reservoir                                  0.00          0.00          0.00
Nikajack Reservoir                                  0.00          0.00          0.00
Guntersville Reservoir                              0.00          0.00          0.00
TimsFord Reservoir                                  0.00          0.00          0.00
Wheeler Reservoir                                   0.00          0.00          0.00
Wilson Reservoir                                    0.00          0.00          0.00
Pickwick Reservoir                                  0.00          0.00          0.00
Kentucky Reservoir                                  0.00          0.00          0.00
