Watauga Reservoir                                 564.61        532.18        558.52
Wilbur Reservoir                                    0.60          0.41          0.44
SHolston Reservoir                                657.89        616.44        612.99
Boone Reservoir                                   180.32        179.46        166.28
FtPatrick Reservoir                                26.02         24.61         24.18
Cherokee Reservoir                               1363.60       1185.51       1227.97
Douglas Reservoir                                1161.10       1010.45       1036.51
FtLoudoun Reservoir                               359.71        354.75        353.57
Fontana Reservoir                                1379.72       1301.54       1305.34
Norris Reservoir                                 2025.84       1831.82       1772.76
MeltonH Reservoir                                 117.69        113.70        114.79
WattsBar Reservoir                               1016.68        992.22        977.61
Chatuge Reservoir                                 219.07        203.64        209.15
Nottely Reservoir                                 154.15        138.78        135.28
Hiwassee Reservoir                                367.02        347.48        324.52
Apalachia Reservoir                                54.90         53.32         55.40
BlueRidge Reservoir                               180.19        164.15        162.80
Ocoee3 Reservoir                                    3.61          3.14          3.07
Ocoee1 Reservoir                                   79.06         78.63         77.50
Chikamauga Reservoir                              604.35        620.16        576.17
RacoonMt Reservoir                                 22.61         20.38         17.96
Nikajack Reservoir                                247.21        244.63        243.10
Guntersville Reservoir                           1025.37        998.77        968.70
TimsFord Reservoir                                526.27        509.10        494.74
Wheeler Reservoir                                1065.09       1049.26        974.29
Wilson Reservoir                                  634.86        626.47        631.06
Pickwick Reservoir                                964.68        895.49        896.84
Kentucky Reservoir                               2679.25       2487.33       2457.93
