<pre>
                                                                    BUREAU OF RECLAMATION
                                                                    LOWER COLORADO REGION
                                                                    BOULDER CITY, NEVADA

                                                               ACCUMULATIONS FOR APRIL 2018

    |GLEN CANYON    |                         HOOVER DAM         |             DAVIS DAM           |      MWD       |            PARKER DAM              |
    |               |  LAKE                                      |LAKE                             |                | LAKE                               |   C.A.P.
    |         ACCUM.|  MEAD    HOOVER RELEASE        GROSS  RATE |MOHAVE      DAVIS RELEASE   GROSS|DIVER. AT INTAKE| HAVASU     PARKER RELEASE     GROSS| DIVER. ACCUM.
DAY |   CFS    A.F. |  ELEV.   CFS    A.F.   ACCUM.   GEN  KWH/AF|ELEV   CFS   A.F.   ACCUM.  GEN  | A.F. ACCUM.    | ELEV    CFS    A.F.   ACCUM.  GEN. | A.F.   A.F.
----------------------------------------------------------------------------------------------------------------------------------------------------------------------
  1   10200   20231   1088.12  12860  25507   25507  10250  402  642.30  16610  32954   32954  4099  2354   2354    447.45  11910  23621    23621   1643   6049   6049
  2   12500   45025   1088.05  15808  31355   56862  12599  402  642.27  16600  32916   65870  4091  2349   4703    447.29  12810  25400    49021   1759   6047  12096
  3   12200   69223   1087.92  18603  36898   93760  14824  402  642.60  13090  25964   91834  3241  2350   7053    447.03  13190  26163    75184   1816   6054  18150
  4   11900   92826   1087.71  20421  40504  134264  16258  401  643.02  13700  27168  119002  3396  2344   9397    446.48  13790  27355   102539   1873   6195  24345
  5   12400  117421   1087.54  19199  38081  172345  15245  400  643.12  17500  34712  153714  4348  2342  11739    446.86   8700  17248   119787   1169   6026  30371
  6   12000  141223   1087.38  18696  37083  209428  14867  401  643.21  17490  34682  188396  4341  2338  14077    446.70  13200  26185   145972   1794   6041  36412
  7   12100  165223   1087.28  15745  31230  240658  12506  400  643.07  17900  35502  223898  4439  2330  16407    446.55  14290  28338   174310   1943   6044  42456
  8    9900  184859   1087.27  13817  27406  268064  10975  400  642.81  17900  35496  259394  4431  2268  18675    446.55  13510  26804   201114   1830   6047  48503
  9   12300  209256   1087.14  16817  33357  301421  13356  400  642.71  17490  34688  294082  4333  2272  20947    446.75  11400  22614   223728   1552   6049  54552
 10   12400  233851   1087.02  17515  34741  336162  13904  400  642.63  17490  34700  328782  4333  2277  23224    446.89  11000  21821   245549   1501   6032  60584
 11   12200  258050   1086.83  18059  35820  371982  14336  400  642.66  17490  34688  363470  4324  2403  25627    447.01  11600  23018   268567   1583   6000  66584
 12   12100  282050   1086.69  17684  35076  407058  14022  400  642.67  17500  34702  398172  4323  2460  28087    447.18  11700  23205   291772   1608   6053  72637
 13   12200  306248   1086.54  18084  35869  442927  14325  399  642.62  17490  34696  432868  4340  2128  30215    447.20  12610  25003   316775   1730   6050  78687
 14   11600  329256   1086.45  16112  31957  474884  12810  401  642.55  17490  34682  467550  4336  2024  32239    447.15  13310  26397   343172   1812   6047  84734
 15    9700  348496   1086.44  12635  25062  499946  10047  401  642.17  17510  34724  502274  4329  2035  34274    447.15  13510  26787   369959   1834   5983  90717
 16   12200  372694   1086.22  16738  33200  533146  13279  400  642.10  17190  34092  536366  4240  2046  36320    447.13  12900  25592   395551   1753   6047  96764
 17   11600  395702   1086.13  17701  35110  568256  14038  400  642.11  17800  35308  571674  4400  2768  39088    447.01  13020  25815   421366   1773   6048 102812
 18   12700  420892   1085.99  17171  34058  602315  13639  400  641.95  18490  36668  608342  4561  3009  42097    447.13  12000  23796   445162   1638   5809 108621
 19   12300  445289   1085.84  18246  36190  638505  14461  400  641.98  17080  33884  642226  4214  2997  45094    447.40  10720  21253   466415   1476   5753 114374
 20   12900  470876   1085.70  17977  35656  674161  14267  400  642.08  17580  34860  677086  4335  2984  48078    447.34  12600  24983   491398   1722   5742 120116
 21   11600  493884   1085.64  15269  30286  704446  12158  401  641.89  17090  33898  710984  4208  2972  51050    447.33  12600  24989   516387   1724   5744 125860
 22   10500  514711   1085.60  14458  28678  733124  11481  400  641.84  15190  30136  741120  3725  2963  54013    447.39  12190  24187   540574   1673   4858 130718
 23   12500  539504   1085.47  18721  37133  770257  14865  400  642.14  13990  27740  768860  3434  2625  56638    447.39  11800  23407   563981   1622   1568 132286
 24   12300  563901   1085.32  18793  37276  807533  14920  400  642.39  14990  29730  798590  3688  2509  59147    447.36  12900  25588   589569   1774   1801 134087
 25   12600  588892   1085.11  18662  37016  844549  14746  398  642.62  14910  29582  828172  3709  2252  61399    447.20  11810  23428   612997   1619   5744 139831
 26   12500  613686   1084.96  18039  35780  880329  14268  399  642.61  18400  36494  864666  4501  2534  63933    447.35  10290  20420   633417   1419   5740 145571
 27   12400  638281   1084.82  17689  35086  915415  13952  398  642.53  18590  36880  901546  4539  2507  66440    447.26  13700  27166   660583   1868   5743 151314
 28   11400  660892   1084.72  16448  32624  948039  13022  399  642.50  15980  31700  933246  3921  2871  69311    447.10  13510  26791   687374   1844   5675 156989
 29    9800  680330   1084.65  14433  28627  976666  11375  397  642.36  16590  32902  966148  4062  3016  72327    446.98  12400  24599   711973   1679   5683 162672
 30   12400  704926   1084.49  19498  38673 1015339  15376  398  642.40  17400  34504 1000652  4343  3001  75328    447.13  11610  23021   734994   1587   5729 168401

TOTAL                                               406171                                   124582                                                50618










                                                                    BUREAU OF RECLAMATION
                                                                    LOWER COLORADO REGION
                                                                    BOULDER CITY, NEVADA

                                                     AVAILABLE RESERVOIR ELEVATIONS AND CONTENTS FOR APRIL 2018

                                        LAKE MEAD                      LAKE MOHAVE                      LAKE HAVASU                        SENATOR WASH
  AVAILABLE CAPACITY IN A.F.            *26120000                        1809800                           619400                              9144
  ELEVATION IN FEET                        1219.6                          647.0                            450.0                             240.0

           TOTAL     TOTAL    |             HOOVER            |            DAVIS            |             PARKER            |             SENATOR WASH
          SYSTEM    AVAILABLE |ELEVATION    CONTENT   RELEASE |ELEVATION   CONTENT  RELEASE |ELEVATION    CONTENT   RELEASE | ELEVATION   CONTENT  PUMPED   RELEASE
     DAY  STORAGE**   SPACE   |  FEET       1000A.F.    ft3/s |  FEET      1000A.F.  ft3/s  |   FEET      1000A.F.  ft3/s   |  FEET        A.F.     ft3/s    ft3/s
-----------------------------------------------------------------------------------------------------------------------------------------------------------------------------
       1    31082.2  30042.8    1088.12      10695       12900   642.30     1679.5    16600    447.45      569.7    11900      231.29     6161     1100        0
       2    31064.2  30060.9    1088.05      10689       15800   642.27     1678.8    16600    447.29      566.6    12800      231.13     6112       94       33
       3    31044.8  30080.3    1087.92      10678       18600   642.60     1687.8    13100    447.03      561.6    13200      230.81     6016        0        0
       4    31014.8  30110.3    1087.71      10660       20400   643.02     1699.2    13700    446.48      551.5    13800      228.21     5265        0      281
       5    30995.9  30129.1    1087.54      10646       19200   643.12     1702.1    17500    446.86      558.6     8700      223.39     4024        0      656
       6    30969.9  30155.2    1087.38      10632       18700   643.21     1704.5    17500    446.70      555.6    13200      223.24     3988        0        0
       7    30948.6  30176.4    1087.28      10623       15700   643.07     1700.6    17900    446.55      552.7    14300      223.07     3948        0        0
       8    30935.4  30189.7    1087.27      10623       13800   642.81     1693.4    17900    446.55      552.8    13500      222.91     3910        0        0
       9    30914.8  30210.2    1087.14      10611       16800   642.71     1690.9    17500    446.75      556.5    11400      220.35     3340        0      282
      10    30893.2  30231.9    1087.02      10601       17500   642.63     1688.6    17500    446.89      559.0    11000      223.95     4157      431        0
      11    30866.6  30258.5    1086.83      10585       18100   642.66     1689.5    17500    447.01      561.3    11600      227.57     5089      484        0
      12    30844.1  30281.0    1086.69      10573       17700   642.67     1689.8    17500    447.18      564.5    11700      227.25     5002        0        0
      13    30820.4  30304.7    1086.54      10560       18100   642.62     1688.5    17500    447.20      564.8    12600      225.63     4577        0      172
      14    30803.7  30321.4    1086.45      10553       16100   642.55     1686.5    17500    447.15      563.9    13300      222.91     3910        0      314
      15    30784.1  30340.9    1086.44      10552       12600   642.17     1676.0    17500    447.15      563.8    13500      224.74     4352      236        0
      16    30757.2  30367.8    1086.22      10533       16700   642.10     1674.1    17200    447.13      563.6    12900      224.53     4300        0        0
      17    30734.1  30390.9    1086.13      10525       17700   642.11     1674.5    17800    447.01      561.3    13000      224.53     4300        0        0
      18    30703.7  30421.4    1085.99      10514       17200   641.95     1669.9    18500    447.13      563.5    12000      225.03     4424      116        0
      19    30683.4  30441.7    1085.84      10501       18200   641.98     1670.9    17100    447.40      568.6    10700      226.30     4750      200        0
      20    30663.1  30462.0    1085.70      10489       18000   642.08     1673.6    17600    447.34      567.5    12600      229.59     5656      307        0
      21    30639.7  30485.4    1085.64      10484       15300   641.89     1668.4    17100    447.33      567.3    12600      233.34     6803      674        0
      22    30630.0  30495.0    1085.60      10480       14500   641.84     1667.1    15200    447.39      568.5    12200      237.74     8306      943        0
      23    30615.7  30509.4    1085.47      10469       18700   642.14     1675.1    14000    447.39      568.5    11800      237.18     8106       68        0
      24    30600.6  30524.5    1085.32      10457       18800   642.39     1681.9    15000    447.36      567.9    12900      236.47     7856        0        8
      25    30568.8  30556.3    1085.11      10439       18700   642.62     1688.5    14900    447.20      564.8    11800      235.89     7654        0        0
      26    30547.6  30577.4    1084.96      10426       18000   642.61     1688.0    18400    447.35      567.7    10300      231.11     6106        0      924
      27    30519.7  30605.4    1084.82      10414       17700   642.53     1685.9    18600    447.26      565.9    13700      226.09     4694        0      729
      28    30497.9  30627.2    1084.72      10406       16400   642.50     1684.9    16000    447.10      563.0    13500      228.25     5276      347       33
      29    30485.8  30639.3    1084.65      10400       14400   642.36     1681.3    16600    446.98      560.8    12400      228.56     5363      781        0
      30    30466.5  30658.5    1084.49      10387       19500   642.40     1682.3    17400    447.13      563.5    11600      234.96     7337      416        0

TOTAL                                                   511800                       504700                        370500                          6197     3432
AVE.                                                     17060                        16820                         12350                           207      114
AC FT                                                  1015000                      1001000                        735000                         12292     6807

      * BOTTOM OF EXCLUSIVE FLOOD CONTROL SPACE
     ** INCLUDES FONTENELLE AND CRYSTAL RESERVOIRS


                                                                      BUREAU OF RECLAMATION
                                                                      LOWER COLORADO REGION
                                                                      BOULDER CITY, NEVADA

                                             COLORADO RIVER STORAGE PROJECT DATA (operational) FOR APRIL 2018

                   LAKE POWELL          |        FLAMING GORGE        |          NAVAJO            |      BLUE MESA             |     MORROW POINT
             MAX. STORAGE 24322000 AF   |  MAX. STORAGE 3749000 AF    | MAX. STORAGE 1696000 AF    | MAX. STORAGE 829500 AF     | MAX. STORAGE 117025 AF  
    COMPUTED MAX. ELEV. 3700.0 FEET     |  MAX. ELEV. 6040.0 FEET     | MAX. ELEV. 6085.0 FEET     | MAX. ELEV. 7519.4 FEET     | MAX. ELEV. 7160.0 FEET
     INFLOW  ELEVATION CONTENT  RELEASE |  ELEVATION CONTENT  RELEASE | ELEVATION CONTENT  RELEASE | ELEVATION CONTENT  RELEASE | ELEVATION CONTENT  RELEASE
DATE FT3/S   (FEET)  (1000 AF)   FT3/S  |  (FEET)  (1000 AF)   FT3/   |(FEET)  (1000 AF)   FT3/S   | (FEET)  (1000 AF)   FT3/S  |(FEET)  (1000 AF)   FT3/S
------------------------------------------------------------------------------------------------------------------------------------------------------------
   1   6700   3612.16   12949    10200      6025.63   3180     1700      6050.90   1240      420     7483.54    532.1    1280     7143.25    103.9    1210
   2   9600   3612.10   12943    12500      6025.61   3180     1700      6050.88   1240      450     7483.32    530.5    1250     7143.61    104.2    1130
   3   6600   3611.99   12932    12200      6025.59   3180     1710      6050.86   1240      550     7483.14    529.1    1440     7145.19    105.4    1020
   4   5700   3611.87   12919    11900      6025.59   3180     1700      6050.85   1240      550     7482.90    527.3    1410     7145.75    105.8    1230
   5   6700   3611.76   12908    12400      6025.55   3180     1700      6050.85   1240      610     7482.61    525.2    1460     7146.70    106.5    1110
   6   6300   3611.65   12897    12000      6025.57   3180     1700      6050.82   1240      620     7482.36    523.3    1650     7147.83    107.4    1240
   7   9800   3611.60   12892    12100      6025.56   3180     1700      6050.79   1230      640     7482.19    522.1    1500     7148.67    108.0    1270
   8   6400   3611.53   12885     9900      6025.55   3180     1700      6050.86   1240      650     7482.15    521.8    1210     7149.56    108.7    1210
   9   6100   3611.41   12873    12300      6025.53   3180     1710      6050.93   1240      640     7482.11    521.5    1240     7150.49    109.5    1120
  10   6200   3611.29   12861    12400      6025.53   3180     1700      6050.96   1240      640     7481.99    520.6    1240     7150.86    109.7    1130
  11   6600   3611.18   12849    12200      6025.49   3180     1710      6050.94   1240      640     7481.85    519.6    1190     7150.92    109.8    1130
  12   5300   3611.05   12836    12100      6025.51   3180     1700      6050.85   1240      640     7481.38    516.1    2510     7155.22    113.2     820
  13   7100   3610.95   12826    12200      6025.51   3180     1720      6050.84   1240      640     7481.05    513.7    2020     7157.72    115.2    1270
  14   8700   3610.89   12820    11600      6025.53   3180     1710      6050.83   1240      640     7480.95    512.9    1060     7158.28    115.6     910
  15   7300   3610.84   12815     9700      6025.49   3180     1700      6050.82   1240      650     7480.78    511.7    1220     7158.59    115.9    1090
  16   8800   3610.77   12808    12200      6025.59   3180     1720      6050.74   1230      650     7480.80    511.8     620     7157.24    114.8    1200
  17   7100   3610.68   12799    11600      6025.54   3180     1700      6050.64   1230      650     7480.61    510.5    1410     7157.28    114.8    1570
  18   6500   3610.56   12787    12700      6025.49   3180     1720      6050.58   1230      650     7480.45    509.3    1180     7156.63    114.3    1490
  19   7200   3610.46   12777    12300      6025.49   3180     1700      6050.43   1230      650     7480.22    507.6    1370     7155.36    113.3    1840
  20   7800   3610.36   12767    12900      6025.55   3180     1700      6050.34   1230      650     7480.07    506.5    1360     7155.55    113.4    1430
  21   6600   3610.26   12756    11600      6025.53   3180     1670      6050.26   1230      650     7479.95    505.6    1290     7155.60    113.5    1420
  22   8800   3610.22   12752    10500      6025.53   3180     1690      6050.18   1230      650     7479.79    504.5    1180     7154.71    112.8    1570
  23   8000   3610.13   12743    12500      6025.51   3180     1730      6050.06   1230      650     7479.60    503.1    1390     7154.79    112.8    1470
  24   8300   3610.05   12735    12300      6025.51   3180     1730      6049.98   1230      650     7479.44    501.9    1370     7154.51    112.6    1620
  25   3600   3609.88   12718    12600      6025.53   3180     1710      6049.89   1220      650     7479.36    501.3    1140     7153.84    112.1    1480
  26   8000   3609.79   12709    12500      6025.53   3180     1700      6049.84   1220      650     7479.09    499.4    1490     7154.17    112.3    1550
  27   5700   3609.66   12696    12400      6025.55   3180     1670      6049.80   1220      670     7479.10    499.5    1430     7154.17    112.3    1540
  28   5200   3609.54   12684    11400      6025.61   3180     1670      6049.79   1220      750     7479.04    499.0    1430     7154.24    112.4    1510
  29   9100   3609.52   12682     9800      6025.63   3180     1660      6049.75   1220      750     7479.05    499.1    1240     7154.03    112.2    1440
  30   5700   3609.39   12669    12400      6025.69   3190     1670      6049.73   1220      750     7478.94    498.3    1590     7154.30    112.5    1590

TOT  211500                     355400                        51000                        19050                        41170                        39610
AVE    7050                      11850                         1700                          630                         1370                         1320
A F  419500                     705000                       101000                        37800                        81700                        78600







                                          BUREAU OF RECLAMATION
                                          LOWER COLORADO REGION
                                          BOULDER CITY, NEVADA

                                     GLEN CANYON TO HOOVER DAM LOSSES

                                                APRIL 2018

                      |           | LAKE    |         |   LAKE|    LAKE   |  CHANGE |
               GLEN   |    HOOVER | MEAD    |  STORAGE|   MEAD|    MEAD   |   BANK  |       |          |
              RELEASE |    RELEASE| STORAGE |  CHANGE |PUMPING|EVAPORATION| STORAGE |  LOSS |  ACCUMUL.|  INFLOW
   DATE |      CFS    |     CFS   | 1000 AF |  1000 AF|    CFS|     CFS   |    CFS  |   CFS |     A.F. |   CFS
--------------------------------------------------------------------------------------------------------------------
      1        10200       12900     10695         1       596       660        33     -1246     -2470     14700
      2        12500       15800     10689        -6       616       660      -197     -1188     -4826     13900
      3        12200       18600     10678       -11       537       660      -360     -3738    -12241     13900
      4        11900       20400     10660       -18       554       660      -590       511    -11228     11900
      5        12400       19200     10646       -14       631       659      -459      -736    -12687     13000
      6        12000       18700     10632       -14       665       659      -459      -584    -13844     12500
      7        12100       15700     10623        -9       611       658      -295       236    -13376     12100
      8         9900       13800     10623         0       583       658         0     -3064    -19454     15000
      9        12300       16800     10611       -12       617       658      -393       503    -18455     11600
     10        12400       17500     10601       -10       651       658      -328     -3549    -25494     13400
     11        12200       18100     10585       -16       633       657      -524      1476    -22566     10800
     12        12100       17700     10573       -12       583       657      -393       -97    -22758     12500
     13        12200       18100     10560       -13       667       657      -426      -201    -23156     12400
     14        11600       16100     10553        -7       582       656      -229     -1490    -26112     13600
     15         9700       12600     10552        -1       670       656       -33     -1164    -28420     13400
     16        12200       16700     10533       -19       608       656      -623      3832    -20819      7760
     17        11600       17700     10525        -8       576       656      -262     -4971    -30679     14600
     18        12700       17200     10514       -11       637       655      -360      -355    -31383     12600
     19        12300       18200     10501       -13       627       655      -426      -912    -33193     12500
     20        12900       18000     10489       -12       627       655      -393      -151    -33492     12800
     21        11600       15300     10484        -5       628       654      -164     -1580    -36626     13900
     22        10500       14500     10480        -4       594       654      -131      -744    -38103     13600
     23        12500       18700     10469       -11       624       654      -360     -2434    -42931     14100
     24        12300       18800     10457       -12       648       654      -393     -3121    -49122     13700
     25        12600       18700     10439       -18       647       653      -590      2147    -44864     10300
     26        12500       18000     10426       -13       651       653      -426       -33    -44929     12300
     27        12400       17700     10414       -12       692       652      -393       -48    -45024     12600
     28        11400       16400     10406        -8       706       652      -262      -978    -46963     13500
     29         9800       14400     10400        -6       693       652      -197      -106    -47174     12500
     30        12400       19500     10387       -13       692       652      -426     -2477    -52087     13900

    TOTAL     355400      511900                         18846     19680                        -52088    385500







</pre>